  main.cpp
c:\users\rafu\documents\game230_asteroids\game230_asteroids-master\game230_asteroids\game230_asteroids\main.cpp(58): warning C4244: 'argument': conversion from 'time_t' to 'unsigned int', possible loss of data
c:\users\rafu\documents\game230_asteroids\game230_asteroids-master\game230_asteroids\game230_asteroids\main.cpp(89): warning C4244: 'argument': conversion from 'unsigned int' to 'float', possible loss of data
c:\users\rafu\documents\game230_asteroids\game230_asteroids-master\game230_asteroids\game230_asteroids\main.cpp(94): warning C4244: 'argument': conversion from 'unsigned int' to 'float', possible loss of data
c:\users\rafu\documents\game230_asteroids\game230_asteroids-master\game230_asteroids\game230_asteroids\main.cpp(102): warning C4244: 'argument': conversion from 'unsigned int' to 'float', possible loss of data
c:\users\rafu\documents\game230_asteroids\game230_asteroids-master\game230_asteroids\game230_asteroids\main.cpp(109): warning C4244: 'argument': conversion from 'unsigned int' to 'float', possible loss of data
c:\users\rafu\documents\game230_asteroids\game230_asteroids-master\game230_asteroids\game230_asteroids\main.cpp(113): warning C4244: 'argument': conversion from 'unsigned int' to 'float', possible loss of data
c:\users\rafu\documents\game230_asteroids\game230_asteroids-master\game230_asteroids\game230_asteroids\main.cpp(118): warning C4244: 'argument': conversion from 'unsigned int' to 'float', possible loss of data
c:\users\rafu\documents\game230_asteroids\game230_asteroids-master\game230_asteroids\game230_asteroids\main.cpp(126): warning C4244: 'argument': conversion from 'unsigned int' to 'float', possible loss of data
c:\users\rafu\documents\game230_asteroids\game230_asteroids-master\game230_asteroids\game230_asteroids\main.cpp(133): warning C4244: 'argument': conversion from 'unsigned int' to 'float', possible loss of data
c:\users\rafu\documents\game230_asteroids\game230_asteroids-master\game230_asteroids\game230_asteroids\main.cpp(140): warning C4244: 'argument': conversion from 'unsigned int' to 'float', possible loss of data
c:\users\rafu\documents\game230_asteroids\game230_asteroids-master\game230_asteroids\game230_asteroids\main.cpp(148): warning C4996: 'sf::Text::setColor': was declared deprecated
  c:\users\rafu\documents\sfml-2.4.0\include\sfml\graphics\text.hpp(177): note: see declaration of 'sf::Text::setColor'
c:\users\rafu\documents\game230_asteroids\game230_asteroids-master\game230_asteroids\game230_asteroids\main.cpp(154): warning C4996: 'sf::Text::setColor': was declared deprecated
  c:\users\rafu\documents\sfml-2.4.0\include\sfml\graphics\text.hpp(177): note: see declaration of 'sf::Text::setColor'
c:\users\rafu\documents\game230_asteroids\game230_asteroids-master\game230_asteroids\game230_asteroids\main.cpp(161): warning C4996: 'sf::Text::setColor': was declared deprecated
  c:\users\rafu\documents\sfml-2.4.0\include\sfml\graphics\text.hpp(177): note: see declaration of 'sf::Text::setColor'
c:\users\rafu\documents\game230_asteroids\game230_asteroids-master\game230_asteroids\game230_asteroids\main.cpp(188): warning C4244: 'initializing': conversion from 'double' to 'int', possible loss of data
c:\users\rafu\documents\game230_asteroids\game230_asteroids-master\game230_asteroids\game230_asteroids\main.cpp(189): warning C4244: 'argument': conversion from 'int' to 'float', possible loss of data
c:\users\rafu\documents\game230_asteroids\game230_asteroids-master\game230_asteroids\game230_asteroids\main.cpp(190): warning C4244: 'argument': conversion from 'int' to 'float', possible loss of data
c:\users\rafu\documents\game230_asteroids\game230_asteroids-master\game230_asteroids\game230_asteroids\main.cpp(197): warning C4244: '=': conversion from 'double' to 'int', possible loss of data
c:\users\rafu\documents\game230_asteroids\game230_asteroids-master\game230_asteroids\game230_asteroids\main.cpp(199): warning C4244: '=': conversion from 'double' to 'int', possible loss of data
c:\users\rafu\documents\game230_asteroids\game230_asteroids-master\game230_asteroids\game230_asteroids\main.cpp(200): warning C4244: 'argument': conversion from 'double' to 'float', possible loss of data
c:\users\rafu\documents\game230_asteroids\game230_asteroids-master\game230_asteroids\game230_asteroids\main.cpp(217): warning C4244: 'argument': conversion from 'unsigned int' to 'float', possible loss of data
c:\users\rafu\documents\game230_asteroids\game230_asteroids-master\game230_asteroids\game230_asteroids\main.cpp(237): warning C4244: 'argument': conversion from 'int' to 'float', possible loss of data
c:\users\rafu\documents\game230_asteroids\game230_asteroids-master\game230_asteroids\game230_asteroids\main.cpp(315): warning C4244: 'argument': conversion from 'double' to 'float', possible loss of data
  GAME230_Asteroids.vcxproj -> C:\Users\rafu\Documents\GAME230_Asteroids\GAME230_Asteroids-master\GAME230_Asteroids\Debug\GAME230_Asteroids.exe
  GAME230_Asteroids.vcxproj -> C:\Users\rafu\Documents\GAME230_Asteroids\GAME230_Asteroids-master\GAME230_Asteroids\Debug\GAME230_Asteroids.pdb (Full PDB)
